C51 COMPILER V9.60.7.0   7_LED                                                             09/17/2025 22:41:06 PAGE 1   


C51 COMPILER V9.60.7.0, COMPILATION OF MODULE 7_LED
OBJECT MODULE PLACED IN .\Objects\7-led.obj
COMPILER INVOKED BY: C:\Keil_v5\C51\BIN\C51.EXE 7-led OPTIMIZE(8,SPEED) BROWSE DEBUG OBJECTEXTEND PRINT(.\Listings\7-led
                    -.lst) TABS(2) OBJECT(.\Objects\7-led.obj)

line level    source

   1          #include <reg51.h>
   2          
   3          void delay(void);  // Function prototype
   4          
   5          // Lookup table for 7-segment codes (Common Cathode)
   6          unsigned char codes[] = {
   7              0x3F,  // 0
   8              0x06,  // 1
   9              0x5B,  // 2
  10              0x4F,  // 3
  11              0x66,  // 4
  12              0x6D,  // 5
  13              0x7D,  // 6
  14              0x07,  // 7
  15              0x7F,  // 8
  16              0x6F   // 9
  17          };
  18          
  19          void main(void) {
  20   1          unsigned char i;
  21   1      
  22   1          while (1) {
  23   2              for (i = 0; i < 10; i++) {
  24   3                  P2 = codes[i];  // Send 7-segment code to Port 2
  25   3                  delay();        // Wait before next digit
  26   3              }
  27   2          }
  28   1      }
  29          
  30          // Simple software delay function
  31          void delay(void) {
  32   1          unsigned int i, j;
  33   1          for (i = 0; i < 100; i++) {
  34   2              for (j = 0; j < 1275; j++) {
  35   3                  ; // Do nothing, just waste time
  36   3              }
  37   2          }
  38   1      }


MODULE INFORMATION:   STATIC OVERLAYABLE
   CODE SIZE        =     54    ----
   CONSTANT SIZE    =   ----    ----
   XDATA SIZE       =   ----    ----
   PDATA SIZE       =   ----    ----
   DATA SIZE        =     10       1
   IDATA SIZE       =   ----    ----
   BIT SIZE         =   ----    ----
END OF MODULE INFORMATION.


C51 COMPILATION COMPLETE.  0 WARNING(S),  0 ERROR(S)
