C51 COMPILER V9.60.7.0   HARSHAPROGRAM                                                     09/24/2025 07:42:46 PAGE 1   


C51 COMPILER V9.60.7.0, COMPILATION OF MODULE HARSHAPROGRAM
OBJECT MODULE PLACED IN .\Objects\harshaprogram.obj
COMPILER INVOKED BY: C:\Keil_v5\C51\BIN\C51.EXE harshaprogram OPTIMIZE(8,SPEED) BROWSE DEBUG OBJECTEXTEND PRINT(.\Listin
                    -gs\harshaprogram.lst) TABS(2) OBJECT(.\Objects\harshaprogram.obj)

line level    source

   1          #include <reg51.h>  
   2          
   3          sbit segA = P2^0;
   4          sbit segB = P2^1;
   5          sbit segC = P2^2;
   6          sbit segD = P2^3;
   7          sbit segE = P2^4;
   8          sbit segF = P2^5;
   9          sbit segG = P2^6;
  10          sbit segDP = P2^7;
  11          
  12          void displayDigit(unsigned char digit) {
  13   1          unsigned char segmentPatterns[10] = {
  14   1              0xC0, // 0
  15   1              0xF9, // 1
  16   1              0xA4, // 2
  17   1              0xB0, // 3
  18   1              0x99, // 4
  19   1              0x92, // 5
  20   1              0x82, // 6
  21   1              0xF8, // 7
  22   1              0x80, // 8
  23   1              0x90  // 9
  24   1          };
  25   1          P1 = segmentPatterns[digit]; 
  26   1      }
  27          
  28          // Main function
  29          void main() {
  30   1          unsigned int delay;        
  31   1          unsigned char digit;
  32   1      
  33   1          while (1) {
  34   2              for (digit = 0; digit <= 9; ++digit) {
  35   3                  displayDigit(digit);
  36   3                  
  37   3                  for (delay = 0; delay < 50000; ++delay); 
  38   3              }
  39   2          }
  40   1      }


MODULE INFORMATION:   STATIC OVERLAYABLE
   CODE SIZE        =     74    ----
   CONSTANT SIZE    =     10    ----
   XDATA SIZE       =   ----    ----
   PDATA SIZE       =   ----    ----
   DATA SIZE        =   ----      12
   IDATA SIZE       =   ----    ----
   BIT SIZE         =   ----    ----
END OF MODULE INFORMATION.


C51 COMPILATION COMPLETE.  0 WARNING(S),  0 ERROR(S)
