C51 COMPILER V9.60.7.0   LAB2                                                              09/17/2025 22:25:58 PAGE 1   


C51 COMPILER V9.60.7.0, COMPILATION OF MODULE LAB2
OBJECT MODULE PLACED IN .\Objects\lab2.obj
COMPILER INVOKED BY: C:\Keil_v5\C51\BIN\C51.EXE lab2.c OPTIMIZE(8,SPEED) BROWSE DEBUG OBJECTEXTEND PRINT(.\Listings\lab2
                    -.lst) TABS(2) OBJECT(.\Objects\lab2.obj)

line level    source

   1          #include<reg51.h>  
   2          sbit led1=P1^0;
   3          void main()
   4          {
   5   1          while(1)
   6   1         {
   7   2               led1=0;        
   8   2          }
   9   1      }


MODULE INFORMATION:   STATIC OVERLAYABLE
   CODE SIZE        =      4    ----
   CONSTANT SIZE    =   ----    ----
   XDATA SIZE       =   ----    ----
   PDATA SIZE       =   ----    ----
   DATA SIZE        =   ----    ----
   IDATA SIZE       =   ----    ----
   BIT SIZE         =   ----    ----
END OF MODULE INFORMATION.


C51 COMPILATION COMPLETE.  0 WARNING(S),  0 ERROR(S)
