C51 COMPILER V9.60.7.0   PWM_PROGRAM                                                       10/23/2025 09:34:27 PAGE 1   


C51 COMPILER V9.60.7.0, COMPILATION OF MODULE PWM_PROGRAM
OBJECT MODULE PLACED IN .\Objects\PWM program.obj
COMPILER INVOKED BY: C:\Keil_v5\C51\BIN\C51.EXE PWM program OPTIMIZE(8,SPEED) BROWSE DEBUG OBJECTEXTEND PRINT(.\Listings
                    -\PWM program.lst) TABS(2) OBJECT(.\Objects\PWM program.obj)

line level    source

   1          #include<reg51.h> 
   2          sbit mtr=P1^0; 
   3          void delay(unsigned int); 
   4          void main() 
   5          { 
   6   1          unsigned int z; 
   7   1          P2=0xff; 
   8   1           mtr=0; 
   9   1          while(1) 
  10   1          { 
  11   2       z=P2; 
  12   2       z=(z&0x0f); 
  13   2       switch(z)  
  14   2                  { 
  15   3        case(0):{mtr=0;break;} 
  16   3        case(1):{mtr=1;delay(250);mtr=0;delay(750);break;} 
  17   3        case(2):{mtr=1;delay(500);mtr=0;delay(500);break;} 
  18   3        case(3):{mtr=1;delay(750);mtr=0;delay(250);break;} 
  19   3        case(4):{mtr=1;break;} 
  20   3                    }}}  
  21          void delay(unsigned int t){ 
  22   1      unsigned int j; 
  23   1      while(t-->0) 
  24   1      for(j=0;j<=1275;j++); 
  25   1      }


MODULE INFORMATION:   STATIC OVERLAYABLE
   CODE SIZE        =    129    ----
   CONSTANT SIZE    =   ----    ----
   XDATA SIZE       =   ----    ----
   PDATA SIZE       =   ----    ----
   DATA SIZE        =   ----    ----
   IDATA SIZE       =   ----    ----
   BIT SIZE         =   ----    ----
END OF MODULE INFORMATION.


C51 COMPILATION COMPLETE.  0 WARNING(S),  0 ERROR(S)
